[0.014s] Invoking command in '/home/rosdev/ros2_ws/build/object_coords': CMAKE_PREFIX_PATH=${CMAKE_PREFIX_PATH}:/opt/ros/humble /usr/bin/cmake --build /home/rosdev/ros2_ws/build/object_coords -- -j20 -l20
[0.049s] -- Found ament_cmake: 1.3.10 (/opt/ros/humble/share/ament_cmake/cmake)
[0.217s] -- Found rclcpp: 16.0.10 (/opt/ros/humble/share/rclcpp/cmake)
[0.304s] -- Found rosidl_generator_c: 3.1.5 (/opt/ros/humble/share/rosidl_generator_c/cmake)
[0.313s] -- Found rosidl_adapter: 3.1.5 (/opt/ros/humble/share/rosidl_adapter/cmake)
[0.329s] -- Found rosidl_generator_cpp: 3.1.5 (/opt/ros/humble/share/rosidl_generator_cpp/cmake)
[0.354s] -- Using all available rosidl_typesupport_c: rosidl_typesupport_fastrtps_c;rosidl_typesupport_introspection_c
[0.384s] -- Using all available rosidl_typesupport_cpp: rosidl_typesupport_fastrtps_cpp;rosidl_typesupport_introspection_cpp
[0.466s] -- Found rmw_implementation_cmake: 6.1.2 (/opt/ros/humble/share/rmw_implementation_cmake/cmake)
[0.471s] -- Found rmw_fastrtps_cpp: 6.2.7 (/opt/ros/humble/share/rmw_fastrtps_cpp/cmake)
[0.704s] -- Found OpenSSL: /usr/lib/x86_64-linux-gnu/libcrypto.so (found version "3.0.2")  
[0.751s] -- Found FastRTPS: /opt/ros/humble/include  
[0.803s] -- Using RMW implementation 'rmw_fastrtps_cpp' as default
[0.820s] -- Looking for pthread.h
[0.929s] -- Looking for pthread.h - found
[0.930s] -- Performing Test CMAKE_HAVE_LIBC_PTHREAD
[1.035s] -- Performing Test CMAKE_HAVE_LIBC_PTHREAD - Success
[1.037s] -- Found Threads: TRUE  
[1.223s] -- Configuring done
[1.237s] -- Generating done
[1.239s] -- Build files have been written to: /home/rosdev/ros2_ws/build/object_coords
[1.289s] [ 50%] [32mBuilding CXX object CMakeFiles/object_coords.dir/src/object_coords_publisher.cpp.o[0m
[4.312s] [01m[K/home/rosdev/ros2_ws/object_coords/src/object_coords_publisher.cpp:[m[K In constructor â€˜[01m[KCoordsPublisher::CoordsPublisher()[m[Kâ€™:
[4.312s] [01m[K/home/rosdev/ros2_ws/object_coords/src/object_coords_publisher.cpp:13:52:[m[K [01;31m[Kerror: [m[Kclass â€˜[01m[KCoordsPublisher[m[Kâ€™ does not have any field named â€˜[01m[Kcount[m[Kâ€™
[4.312s]    13 |         CoordsPublisher() : Node("object_coords"), [01;31m[Kcount[m[K(0) {
[4.312s]       |                                                    [01;31m[K^~~~~[m[K
[4.316s] [01m[K/home/rosdev/ros2_ws/object_coords/src/object_coords_publisher.cpp:16:31:[m[K [01;31m[Kerror: [m[Kâ€˜[01m[KMinimalPublisher[m[Kâ€™ has not been declared
[4.316s]    16 |             500ms, std::bind(&[01;31m[KMinimalPublisher[m[K::timer_callback, this));
[4.316s]       |                               [01;31m[K^~~~~~~~~~~~~~~~[m[K
[5.296s] gmake[2]: *** [CMakeFiles/object_coords.dir/build.make:76: CMakeFiles/object_coords.dir/src/object_coords_publisher.cpp.o] Error 1
[5.297s] gmake[1]: *** [CMakeFiles/Makefile2:137: CMakeFiles/object_coords.dir/all] Error 2
[5.297s] gmake: *** [Makefile:146: all] Error 2
[5.301s] Invoked command in '/home/rosdev/ros2_ws/build/object_coords' returned '2': CMAKE_PREFIX_PATH=${CMAKE_PREFIX_PATH}:/opt/ros/humble /usr/bin/cmake --build /home/rosdev/ros2_ws/build/object_coords -- -j20 -l20
